<?xml version="1.0" encoding="UTF-8"?>
<testng-results ignored="0" total="2" passed="2" failed="0" skipped="0">
  <reporter-output>
  </reporter-output>
  <suite started-at="2025-12-25T22:02:51 SAST" name="Surefire suite" finished-at="2025-12-25T22:02:51 SAST" duration-ms="65">
    <groups>
    </groups>
    <test started-at="2025-12-25T22:02:51 SAST" name="Surefire test" finished-at="2025-12-25T22:02:51 SAST" duration-ms="65">
      <class name="com.testng.basics.AddCalculatorTest">
        <test-method is-config="true" signature="setup()[pri:0, instance:com.testng.basics.AddCalculatorTest@197d671]" started-at="2025-12-25T22:02:51 SAST" name="setup" finished-at="2025-12-25T22:02:51 SAST" duration-ms="15" status="PASS">
          <reporter-output>
          </reporter-output>
        </test-method> <!-- setup -->
        <test-method signature="addTest()[pri:0, instance:com.testng.basics.AddCalculatorTest@197d671]" started-at="2025-12-25T22:02:51 SAST" name="addTest" finished-at="2025-12-25T22:02:51 SAST" duration-ms="3" status="PASS">
          <reporter-output>
          </reporter-output>
        </test-method> <!-- addTest -->
      </class> <!-- com.testng.basics.AddCalculatorTest -->
      <class name="com.testng.basics.MultiplyCalculatorTest">
        <test-method is-config="true" signature="setup()[pri:0, instance:com.testng.basics.MultiplyCalculatorTest@7995092a]" started-at="2025-12-25T22:02:51 SAST" name="setup" finished-at="2025-12-25T22:02:51 SAST" duration-ms="3" status="PASS">
          <reporter-output>
          </reporter-output>
        </test-method> <!-- setup -->
        <test-method signature="multiplyTest()[pri:0, instance:com.testng.basics.MultiplyCalculatorTest@7995092a]" started-at="2025-12-25T22:02:51 SAST" name="multiplyTest" finished-at="2025-12-25T22:02:51 SAST" duration-ms="1" status="PASS">
          <reporter-output>
          </reporter-output>
        </test-method> <!-- multiplyTest -->
      </class> <!-- com.testng.basics.MultiplyCalculatorTest -->
    </test> <!-- Surefire test -->
  </suite> <!-- Surefire suite -->
</testng-results>
